This file contains any messages produced by compilers while
running configure, to aid debugging if configure makes a mistake.

It was created by sph2raw configure 1.0, which was
generated by GNU Autoconf 2.69.  Invocation command line was

  $ ./configure 

## --------- ##
## Platform. ##
## --------- ##

hostname = xiaobaotekiair.aics27.riken.jp
uname -m = x86_64
uname -r = 13.0.0
uname -s = Darwin
uname -v = Darwin Kernel Version 13.0.0: Thu Sep 19 22:22:27 PDT 2013; root:xnu-2422.1.72~6/RELEASE_X86_64

/usr/bin/uname -p = i386
/bin/uname -X     = unknown

/bin/arch              = unknown
/usr/bin/arch -k       = unknown
/usr/convex/getsysinfo = unknown
/usr/bin/hostinfo      = Mach kernel version:
	 Darwin Kernel Version 13.0.0: Thu Sep 19 22:22:27 PDT 2013; root:xnu-2422.1.72~6/RELEASE_X86_64
Kernel configured for up to 4 processors.
2 processors are physically available.
4 processors are logically available.
Processor type: i486 (Intel 80486)
Processors active: 0 1 2 3
Primary memory available: 4.00 gigabytes
Default processor set: 179 tasks, 858 threads, 4 processors
Load average: 1.41, Mach factor: 2.58
/bin/machine           = unknown
/usr/bin/oslevel       = unknown
/bin/universe          = unknown

PATH: /sw/bin
PATH: /sw/sbin
PATH: /opt/local/bin
PATH: /opt/local/sbin
PATH: /usr/bin
PATH: /bin
PATH: /usr/sbin
PATH: /sbin
PATH: /usr/local/bin
PATH: /opt/X11/bin
PATH: /usr/texbin


## ----------- ##
## Core tests. ##
## ----------- ##

configure:2291: checking for a BSD-compatible install
configure:2359: result: /opt/local/bin/ginstall -c
configure:2370: checking whether build environment is sane
configure:2425: result: yes
configure:2576: checking for a thread-safe mkdir -p
configure:2615: result: /opt/local/bin/gmkdir -p
configure:2622: checking for gawk
configure:2638: found /opt/local/bin/gawk
configure:2649: result: gawk
configure:2660: checking whether make sets $(MAKE)
configure:2682: result: yes
configure:2711: checking whether make supports nested variables
configure:2728: result: yes
configure:2916: checking for g++
configure:2932: found /usr/bin/g++
configure:2943: result: g++
configure:2970: checking for C++ compiler version
configure:2979: g++ --version >&5
Apple LLVM version 5.0 (clang-500.2.79) (based on LLVM 3.3svn)
Target: x86_64-apple-darwin13.0.0
Thread model: posix
Configured with: --prefix=/Applications/Xcode.app/Contents/Developer/usr --with-gxx-include-dir=/usr/include/c++/4.2.1
configure:2990: $? = 0
configure:2979: g++ -v >&5
Configured with: --prefix=/Applications/Xcode.app/Contents/Developer/usr --with-gxx-include-dir=/usr/include/c++/4.2.1
Apple LLVM version 5.0 (clang-500.2.79) (based on LLVM 3.3svn)
Target: x86_64-apple-darwin13.0.0
Thread model: posix
configure:2990: $? = 0
configure:2979: g++ -V >&5
clang: error: argument to '-V' is missing (expected 1 value)
clang: error: no input files
configure:2990: $? = 1
configure:2979: g++ -qversion >&5
clang: error: no input files
configure:2990: $? = 1
configure:3010: checking whether the C++ compiler works
configure:3032: g++    conftest.cpp  >&5
configure:3036: $? = 0
configure:3084: result: yes
configure:3087: checking for C++ compiler default output file name
configure:3089: result: a.out
configure:3095: checking for suffix of executables
configure:3102: g++ -o conftest    conftest.cpp  >&5
configure:3106: $? = 0
configure:3128: result: 
configure:3150: checking whether we are cross compiling
configure:3158: g++ -o conftest    conftest.cpp  >&5
configure:3162: $? = 0
configure:3169: ./conftest
configure:3173: $? = 0
configure:3188: result: no
configure:3193: checking for suffix of object files
configure:3215: g++ -c   conftest.cpp >&5
configure:3219: $? = 0
configure:3240: result: o
configure:3244: checking whether we are using the GNU C++ compiler
configure:3263: g++ -c   conftest.cpp >&5
configure:3263: $? = 0
configure:3272: result: yes
configure:3281: checking whether g++ accepts -g
configure:3301: g++ -c -g  conftest.cpp >&5
configure:3301: $? = 0
configure:3342: result: yes
configure:3376: checking for style of include used by make
configure:3404: result: GNU
configure:3430: checking dependency style of g++
configure:3541: result: gcc3
configure:3604: checking for gcc
configure:3620: found /usr/bin/gcc
configure:3631: result: gcc
configure:3860: checking for C compiler version
configure:3869: gcc --version >&5
Apple LLVM version 5.0 (clang-500.2.79) (based on LLVM 3.3svn)
Target: x86_64-apple-darwin13.0.0
Thread model: posix
Configured with: --prefix=/Applications/Xcode.app/Contents/Developer/usr --with-gxx-include-dir=/usr/include/c++/4.2.1
configure:3880: $? = 0
configure:3869: gcc -v >&5
Configured with: --prefix=/Applications/Xcode.app/Contents/Developer/usr --with-gxx-include-dir=/usr/include/c++/4.2.1
Apple LLVM version 5.0 (clang-500.2.79) (based on LLVM 3.3svn)
Target: x86_64-apple-darwin13.0.0
Thread model: posix
configure:3880: $? = 0
configure:3869: gcc -V >&5
clang: error: argument to '-V' is missing (expected 1 value)
clang: error: no input files
configure:3880: $? = 1
configure:3869: gcc -qversion >&5
clang: error: no input files
configure:3880: $? = 1
configure:3884: checking whether we are using the GNU C compiler
configure:3903: gcc -c   conftest.c >&5
configure:3903: $? = 0
configure:3912: result: yes
configure:3921: checking whether gcc accepts -g
configure:3941: gcc -c -g  conftest.c >&5
configure:3941: $? = 0
configure:3982: result: yes
configure:3999: checking for gcc option to accept ISO C89
configure:4062: gcc  -c -g -O2  conftest.c >&5
configure:4062: $? = 0
configure:4075: result: none needed
configure:4100: checking whether gcc understands -c and -o together
configure:4122: gcc -c conftest.c -o conftest2.o
configure:4125: $? = 0
configure:4122: gcc -c conftest.c -o conftest2.o
configure:4125: $? = 0
configure:4137: result: yes
configure:4156: checking dependency style of gcc
configure:4267: result: gcc3
configure:4292: checking how to run the C preprocessor
configure:4323: gcc -E  conftest.c
configure:4323: $? = 0
configure:4337: gcc -E  conftest.c
conftest.c:11:10: fatal error: 'ac_nonexistent.h' file not found
#include <ac_nonexistent.h>
         ^
1 error generated.
configure:4337: $? = 1
configure: failed program was:
| /* confdefs.h */
| #define PACKAGE_NAME "sph2raw"
| #define PACKAGE_TARNAME "sph2raw"
| #define PACKAGE_VERSION "1.0"
| #define PACKAGE_STRING "sph2raw 1.0"
| #define PACKAGE_BUGREPORT "bichongke@gmail.com"
| #define PACKAGE_URL ""
| #define PACKAGE "sph2raw"
| #define VERSION "1.0"
| /* end confdefs.h.  */
| #include <ac_nonexistent.h>
configure:4362: result: gcc -E
configure:4382: gcc -E  conftest.c
configure:4382: $? = 0
configure:4396: gcc -E  conftest.c
conftest.c:11:10: fatal error: 'ac_nonexistent.h' file not found
#include <ac_nonexistent.h>
         ^
1 error generated.
configure:4396: $? = 1
configure: failed program was:
| /* confdefs.h */
| #define PACKAGE_NAME "sph2raw"
| #define PACKAGE_TARNAME "sph2raw"
| #define PACKAGE_VERSION "1.0"
| #define PACKAGE_STRING "sph2raw 1.0"
| #define PACKAGE_BUGREPORT "bichongke@gmail.com"
| #define PACKAGE_URL ""
| #define PACKAGE "sph2raw"
| #define VERSION "1.0"
| /* end confdefs.h.  */
| #include <ac_nonexistent.h>
configure:4425: checking for grep that handles long lines and -e
configure:4483: result: /opt/local/bin/grep
configure:4488: checking for egrep
configure:4550: result: /opt/local/bin/grep -E
configure:4555: checking for ANSI C header files
configure:4575: gcc -c -g -O2  conftest.c >&5
configure:4575: $? = 0
configure:4648: gcc -o conftest -g -O2   conftest.c  >&5
configure:4648: $? = 0
configure:4648: ./conftest
configure:4648: $? = 0
configure:4659: result: yes
configure:4672: checking for sys/types.h
configure:4672: gcc -c -g -O2  conftest.c >&5
configure:4672: $? = 0
configure:4672: result: yes
configure:4672: checking for sys/stat.h
configure:4672: gcc -c -g -O2  conftest.c >&5
configure:4672: $? = 0
configure:4672: result: yes
configure:4672: checking for stdlib.h
configure:4672: gcc -c -g -O2  conftest.c >&5
configure:4672: $? = 0
configure:4672: result: yes
configure:4672: checking for string.h
configure:4672: gcc -c -g -O2  conftest.c >&5
configure:4672: $? = 0
configure:4672: result: yes
configure:4672: checking for memory.h
configure:4672: gcc -c -g -O2  conftest.c >&5
configure:4672: $? = 0
configure:4672: result: yes
configure:4672: checking for strings.h
configure:4672: gcc -c -g -O2  conftest.c >&5
configure:4672: $? = 0
configure:4672: result: yes
configure:4672: checking for inttypes.h
configure:4672: gcc -c -g -O2  conftest.c >&5
configure:4672: $? = 0
configure:4672: result: yes
configure:4672: checking for stdint.h
configure:4672: gcc -c -g -O2  conftest.c >&5
configure:4672: $? = 0
configure:4672: result: yes
configure:4672: checking for unistd.h
configure:4672: gcc -c -g -O2  conftest.c >&5
configure:4672: $? = 0
configure:4672: result: yes
configure:4687: checking for stdlib.h
configure:4687: result: yes
configure:4687: checking for unistd.h
configure:4687: result: yes
configure:4699: checking for stdbool.h that conforms to C99
configure:4766: gcc -c -g -O2  conftest.c >&5
configure:4766: $? = 0
configure:4773: result: yes
configure:4775: checking for _Bool
configure:4775: gcc -c -g -O2  conftest.c >&5
configure:4775: $? = 0
configure:4775: gcc -c -g -O2  conftest.c >&5
conftest.c:59:20: error: expected expression
if (sizeof ((_Bool)))
                   ^
1 error generated.
configure:4775: $? = 1
configure: failed program was:
| /* confdefs.h */
| #define PACKAGE_NAME "sph2raw"
| #define PACKAGE_TARNAME "sph2raw"
| #define PACKAGE_VERSION "1.0"
| #define PACKAGE_STRING "sph2raw 1.0"
| #define PACKAGE_BUGREPORT "bichongke@gmail.com"
| #define PACKAGE_URL ""
| #define PACKAGE "sph2raw"
| #define VERSION "1.0"
| #define STDC_HEADERS 1
| #define HAVE_SYS_TYPES_H 1
| #define HAVE_SYS_STAT_H 1
| #define HAVE_STDLIB_H 1
| #define HAVE_STRING_H 1
| #define HAVE_MEMORY_H 1
| #define HAVE_STRINGS_H 1
| #define HAVE_INTTYPES_H 1
| #define HAVE_STDINT_H 1
| #define HAVE_UNISTD_H 1
| #define HAVE_STDLIB_H 1
| #define HAVE_UNISTD_H 1
| /* end confdefs.h.  */
| #include <stdio.h>
| #ifdef HAVE_SYS_TYPES_H
| # include <sys/types.h>
| #endif
| #ifdef HAVE_SYS_STAT_H
| # include <sys/stat.h>
| #endif
| #ifdef STDC_HEADERS
| # include <stdlib.h>
| # include <stddef.h>
| #else
| # ifdef HAVE_STDLIB_H
| #  include <stdlib.h>
| # endif
| #endif
| #ifdef HAVE_STRING_H
| # if !defined STDC_HEADERS && defined HAVE_MEMORY_H
| #  include <memory.h>
| # endif
| # include <string.h>
| #endif
| #ifdef HAVE_STRINGS_H
| # include <strings.h>
| #endif
| #ifdef HAVE_INTTYPES_H
| # include <inttypes.h>
| #endif
| #ifdef HAVE_STDINT_H
| # include <stdint.h>
| #endif
| #ifdef HAVE_UNISTD_H
| # include <unistd.h>
| #endif
| int
| main ()
| {
| if (sizeof ((_Bool)))
| 	    return 0;
|   ;
|   return 0;
| }
configure:4775: result: yes
configure:4790: checking for sqrt
configure:4790: gcc -o conftest -g -O2   conftest.c  >&5
conftest.c:47:6: warning: incompatible redeclaration of library function 'sqrt' [-Wincompatible-library-redeclaration]
char sqrt ();
     ^
conftest.c:47:6: note: 'sqrt' is a builtin with type 'double (double)'
1 warning generated.
configure:4790: $? = 0
configure:4790: result: yes
configure:4911: checking that generated files are newer than configure
configure:4917: result: done
configure:4944: creating ./config.status

## ---------------------- ##
## Running config.status. ##
## ---------------------- ##

This file was extended by sph2raw config.status 1.0, which was
generated by GNU Autoconf 2.69.  Invocation command line was

  CONFIG_FILES    = 
  CONFIG_HEADERS  = 
  CONFIG_LINKS    = 
  CONFIG_COMMANDS = 
  $ ./config.status 

on xiaobaotekiair.aics27.riken.jp

config.status:864: creating Makefile
config.status:864: creating include/Makefile
config.status:864: creating src/Makefile
config.status:864: creating config.h
config.status:1093: executing depfiles commands

## ---------------- ##
## Cache variables. ##
## ---------------- ##

ac_cv_c_compiler_gnu=yes
ac_cv_cxx_compiler_gnu=yes
ac_cv_env_CCC_set=
ac_cv_env_CCC_value=
ac_cv_env_CC_set=
ac_cv_env_CC_value=
ac_cv_env_CFLAGS_set=
ac_cv_env_CFLAGS_value=
ac_cv_env_CPPFLAGS_set=
ac_cv_env_CPPFLAGS_value=
ac_cv_env_CPP_set=
ac_cv_env_CPP_value=
ac_cv_env_CXXFLAGS_set=
ac_cv_env_CXXFLAGS_value=
ac_cv_env_CXX_set=
ac_cv_env_CXX_value=
ac_cv_env_LDFLAGS_set=
ac_cv_env_LDFLAGS_value=
ac_cv_env_LIBS_set=
ac_cv_env_LIBS_value=
ac_cv_env_build_alias_set=
ac_cv_env_build_alias_value=
ac_cv_env_host_alias_set=
ac_cv_env_host_alias_value=
ac_cv_env_target_alias_set=
ac_cv_env_target_alias_value=
ac_cv_func_sqrt=yes
ac_cv_header_inttypes_h=yes
ac_cv_header_memory_h=yes
ac_cv_header_stdbool_h=yes
ac_cv_header_stdc=yes
ac_cv_header_stdint_h=yes
ac_cv_header_stdlib_h=yes
ac_cv_header_string_h=yes
ac_cv_header_strings_h=yes
ac_cv_header_sys_stat_h=yes
ac_cv_header_sys_types_h=yes
ac_cv_header_unistd_h=yes
ac_cv_objext=o
ac_cv_path_EGREP='/opt/local/bin/grep -E'
ac_cv_path_GREP=/opt/local/bin/grep
ac_cv_path_install='/opt/local/bin/ginstall -c'
ac_cv_path_mkdir=/opt/local/bin/gmkdir
ac_cv_prog_AWK=gawk
ac_cv_prog_CPP='gcc -E'
ac_cv_prog_ac_ct_CC=gcc
ac_cv_prog_ac_ct_CXX=g++
ac_cv_prog_cc_c89=
ac_cv_prog_cc_g=yes
ac_cv_prog_cxx_g=yes
ac_cv_prog_make_make_set=yes
ac_cv_type__Bool=yes
am_cv_CC_dependencies_compiler_type=gcc3
am_cv_CXX_dependencies_compiler_type=gcc3
am_cv_make_support_nested_variables=yes
am_cv_prog_cc_c_o=yes

## ----------------- ##
## Output variables. ##
## ----------------- ##

ACLOCAL='${SHELL} /Users/xiaobao/src/SPHtoRAW/missing aclocal-1.14'
AMDEPBACKSLASH='\'
AMDEP_FALSE='#'
AMDEP_TRUE=''
AMTAR='$${TAR-tar}'
AM_BACKSLASH='\'
AM_DEFAULT_V='$(AM_DEFAULT_VERBOSITY)'
AM_DEFAULT_VERBOSITY='1'
AM_V='$(V)'
AUTOCONF='${SHELL} /Users/xiaobao/src/SPHtoRAW/missing autoconf'
AUTOHEADER='${SHELL} /Users/xiaobao/src/SPHtoRAW/missing autoheader'
AUTOMAKE='${SHELL} /Users/xiaobao/src/SPHtoRAW/missing automake-1.14'
AWK='gawk'
CC='gcc'
CCDEPMODE='depmode=gcc3'
CFLAGS='-g -O2'
CPP='gcc -E'
CPPFLAGS=''
CXX='g++'
CXXDEPMODE='depmode=gcc3'
CXXFLAGS='-g -O2'
CYGPATH_W='echo'
DEFS='-DHAVE_CONFIG_H'
DEPDIR='.deps'
ECHO_C='\c'
ECHO_N=''
ECHO_T=''
EGREP='/opt/local/bin/grep -E'
EXEEXT=''
GREP='/opt/local/bin/grep'
INSTALL_DATA='${INSTALL} -m 644'
INSTALL_PROGRAM='${INSTALL}'
INSTALL_SCRIPT='${INSTALL}'
INSTALL_STRIP_PROGRAM='$(install_sh) -c -s'
LDFLAGS=''
LIBOBJS=''
LIBS=''
LTLIBOBJS=''
MAKEINFO='${SHELL} /Users/xiaobao/src/SPHtoRAW/missing makeinfo'
MKDIR_P='/opt/local/bin/gmkdir -p'
OBJEXT='o'
PACKAGE='sph2raw'
PACKAGE_BUGREPORT='bichongke@gmail.com'
PACKAGE_NAME='sph2raw'
PACKAGE_STRING='sph2raw 1.0'
PACKAGE_TARNAME='sph2raw'
PACKAGE_URL=''
PACKAGE_VERSION='1.0'
PATH_SEPARATOR=':'
SET_MAKE=''
SHELL='/bin/sh'
STRIP=''
VERSION='1.0'
ac_ct_CC='gcc'
ac_ct_CXX='g++'
am__EXEEXT_FALSE=''
am__EXEEXT_TRUE='#'
am__fastdepCC_FALSE='#'
am__fastdepCC_TRUE=''
am__fastdepCXX_FALSE='#'
am__fastdepCXX_TRUE=''
am__include='include'
am__isrc=''
am__leading_dot='.'
am__nodep='_no'
am__quote=''
am__tar='$${TAR-tar} chof - "$$tardir"'
am__untar='$${TAR-tar} xf -'
bindir='${exec_prefix}/bin'
build_alias=''
datadir='${datarootdir}'
datarootdir='${prefix}/share'
docdir='${datarootdir}/doc/${PACKAGE_TARNAME}'
dvidir='${docdir}'
exec_prefix='${prefix}'
host_alias=''
htmldir='${docdir}'
includedir='${prefix}/include'
infodir='${datarootdir}/info'
install_sh='${SHELL} /Users/xiaobao/src/SPHtoRAW/install-sh'
libdir='${exec_prefix}/lib'
libexecdir='${exec_prefix}/libexec'
localedir='${datarootdir}/locale'
localstatedir='${prefix}/var'
mandir='${datarootdir}/man'
mkdir_p='$(MKDIR_P)'
oldincludedir='/usr/include'
pdfdir='${docdir}'
prefix='/usr/local'
program_transform_name='s,x,x,'
psdir='${docdir}'
sbindir='${exec_prefix}/sbin'
sharedstatedir='${prefix}/com'
sysconfdir='${prefix}/etc'
target_alias=''

## ----------- ##
## confdefs.h. ##
## ----------- ##

/* confdefs.h */
#define PACKAGE_NAME "sph2raw"
#define PACKAGE_TARNAME "sph2raw"
#define PACKAGE_VERSION "1.0"
#define PACKAGE_STRING "sph2raw 1.0"
#define PACKAGE_BUGREPORT "bichongke@gmail.com"
#define PACKAGE_URL ""
#define PACKAGE "sph2raw"
#define VERSION "1.0"
#define STDC_HEADERS 1
#define HAVE_SYS_TYPES_H 1
#define HAVE_SYS_STAT_H 1
#define HAVE_STDLIB_H 1
#define HAVE_STRING_H 1
#define HAVE_MEMORY_H 1
#define HAVE_STRINGS_H 1
#define HAVE_INTTYPES_H 1
#define HAVE_STDINT_H 1
#define HAVE_UNISTD_H 1
#define HAVE_STDLIB_H 1
#define HAVE_UNISTD_H 1
#define HAVE__BOOL 1
#define HAVE_SQRT 1

configure: exit 0
